<?xml version="1.0" encoding="UTF-8"?>
<!-- Generated by org.testng.reporters.JUnitReportReporter -->
<testsuite hostname="LAPTOP-N2LL0T35" failures="0" tests="2" name="test.LoginAndForgetPasswordTest" time="14.694" errors="0" timestamp="2023-08-02T19:24:34 IST" skipped="1">
  <testcase classname="test.LoginAndForgetPasswordTest" name="loginWithValidCredentials" time="14.694"/>
  <system-out/>
  <testcase classname="test.LoginAndForgetPasswordTest" name="loginWithInvalidCredentials">
    <skipped/>
  </testcase> <!-- loginWithInvalidCredentials -->
  <system-out/>
</testsuite> <!-- test.LoginAndForgetPasswordTest -->
